<?xml version="1.0" encoding="UTF-8"?>
<!-- Generated by org.testng.reporters.JUnitReportReporter -->
<testsuite hostname="LAPTOP-GL8L4ET8" failures="0" tests="3" name="com.Epsondoms.WelcomeTest.VerifyWelcomePageTest" time="9.848" errors="0" timestamp="2024-11-08T11:31:06 IST" skipped="0">
  <testcase classname="com.Epsondoms.WelcomeTest.VerifyWelcomePageTest" name="verifyWelcomepageWithValidInput" time="3.350"/>
  <system-out/>
  <testcase classname="com.Epsondoms.WelcomeTest.VerifyWelcomePageTest" name="verifyWelcomepageWithInValidInput" time="3.220"/>
  <system-out/>
  <testcase classname="com.Epsondoms.WelcomeTest.VerifyWelcomePageTest" name="verifyWelcomepageWithInValidInput" time="3.278"/>
  <system-out/>
</testsuite> <!-- com.Epsondoms.WelcomeTest.VerifyWelcomePageTest -->
