<?xml version="1.0" encoding="UTF-8"?>
<!-- Generated by org.testng.reporters.JUnitReportReporter -->
<testsuite hostname="LAPTOP-GL8L4ET8" failures="0" tests="5" name="Demo.DemoTest" time="0.500" errors="0" timestamp="2024-11-05T09:29:55 IST" skipped="0">
  <testcase classname="Demo.DemoTest" name="DemoTesting1" time="0.494"/>
  <system-out/>
  <testcase classname="Demo.DemoTest" name="DemoTesting5" time="0.001"/>
  <system-out/>
  <testcase classname="Demo.DemoTest" name="DemoTesting4" time="0.001"/>
  <system-out/>
  <testcase classname="Demo.DemoTest" name="DemoTesting2" time="0.002"/>
  <system-out/>
  <testcase classname="Demo.DemoTest" name="DemoTesting3" time="0.002"/>
  <system-out/>
</testsuite> <!-- Demo.DemoTest -->
