<?xml version="1.0" encoding="UTF-8"?>
<!-- Generated by org.testng.reporters.JUnitReportReporter -->
<testsuite hostname="LAPTOP-GL8L4ET8" failures="0" tests="3" name="com.Epsondoms.ProductTest.WomensProductTest" time="0.005" errors="0" timestamp="2024-10-28T15:40:20 IST" skipped="0">
  <testcase classname="com.Epsondoms.ProductTest.WomensProductTest" name="addProduct" time="0.002"/>
  <system-out/>
  <testcase classname="com.Epsondoms.ProductTest.WomensProductTest" name="removeProduct" time="0.002"/>
  <system-out/>
  <testcase classname="com.Epsondoms.ProductTest.WomensProductTest" name="updateProduct" time="0.001"/>
  <system-out/>
</testsuite> <!-- com.Epsondoms.ProductTest.WomensProductTest -->
